<?xml version="1.0" encoding="UTF-8"?>
<!-- Generated by org.testng.reporters.JUnitReportReporter -->
<testsuite hostname="abc-PC" name="com.testNG.DemotestNG" tests="4" failures="0" timestamp="24 Nov 2019 11:45:34 GMT" time="0.015" errors="0">
  <testcase name="test3" time="0.002" classname="com.testNG.DemotestNG"/>
  <testcase name="test2" time="0.002" classname="com.testNG.DemotestNG"/>
  <testcase name="test2" time="0.001" classname="com.testNG.DemotestNG"/>
  <testcase name="test" time="0.010" classname="com.testNG.DemotestNG"/>
</testsuite> <!-- com.testNG.DemotestNG -->
